our language is impossible to understand
there are twenty six factorial possibilities
so it is okay if you want to just give up
xoggk d yl wxo vkkvgo ekso uyl wonw sywy
xkf yto akj
yabba dabba yabba dabba yabba dabba yabba dabba yabba dabba yabba dabba yabba dabba yabba dooooooooo
a b c d e f g h i j k l m n o p q r s t u v y w x y z now i know my abcs
next time wont you sing with me
pneumonoultramicroscopicsilicovolcanoconiosis
greetings cheese popsicle the number you have dialed is currently out of porkchops
i have bested fruit spike and moon now i shall best you the guy
dr zaius dr zaius dr zaius dr zaius ooooooooooooh dr zaius
f of two equals f of one equals one
for i between three and n f of i equals f of i minus one plus f of i minus two
for those who speak in a tongue do not speak to other people
nobody understands them since they are speaking mysteries in the spirit
right i forgot here in the states you call it a sausage in the mouth
this is so exciting i have to go the bathroom
how are you holding up because im a potato
in a world of direwolves and lions sometimes the rarest creature is a friend
it was the best of times it was the blurst of times
you pissed off the chicken lady
let lips do what hands do
buff tryndamere and amumu
you know you want to
oh yeah alright were gonna shake it up with the party bear tonight
swift as the wind quiet as the forest steady as the mountain
you want sell things at me boing zooom
an eye for an eye and a pigeon for a pigeon
thank you but the real googlerese is in another castle
