our language is impossible to understand
there are twenty six factorial possibilities
so it is okay if you want to just give up
xoggk d yl wxo vkkvgo ekso uyl wonw sywy
xkf yto akj
yabba dabba yabba dabba yabba dabba yabba dabba yabba dabba yabba dabba yabba dabba yabba dooooooooo
a b c d e f g h i j k l m n o p q r s t u v y w x y z now i know my abcs
next time wont you sing with me
thank you but the real googlerese is in another castle
swift as the wind quiet as the forest steady as the mountain
by the pricking of my thumbs something wicked this way comes
you want sell things at me boing zooom
im commander shepard and this is my favorite problem on the google code jam
all your base are belong to error the spoony bard
pneumonoultramicroscopicsilicovolcanoconiosis
now is the summer of our lack of discontent
this here is gunpowder activated twenty seven caliber full auto no kickback nailthrowing mayhem
each of us has his own special gift and you know this was meant to be true
and if you dont underestimate me i wont underestimate you
why do programmers always mix up halloween and christmas
friends dont let friends let scientific progress go boink
greetings cheese popsicle the number you have dialed is currently out of porkchops
right i forgot here in the states you call it a sausage in the mouth
translating text is not goros strength
strength is goros strength
i have bested fruit spike and moon now i shall best you the guy
an eye for an eye and a pigeon for a pigeon
oh nooooo goggalor is headed for the orphanage
oh my god lets make out
oh yeah alright were gonna shake it up with the party bear tonight
